# JRE version: Java(TM) SE Runtime Environment (8.0_65-b17) (build 1.8.0_65-b17)
# Java VM: Java HotSpot(TM) 64-Bit Server VM (25.65-b01 mixed mode windows-amd64 compressed oops)
Heap:
 PSYoungGen      total 259584K, used 124433K [0x00000000eab00000, 0x00000000fdf00000, 0x0000000100000000)
  eden space 237056K, 52% used [0x00000000eab00000,0x00000000f2484460,0x00000000f9280000)
  from space 22528K, 0% used [0x00000000f9280000,0x00000000f9280000,0x00000000fa880000)
  to   space 22016K, 0% used [0x00000000fc980000,0x00000000fc980000,0x00000000fdf00000)
 ParOldGen       total 172032K, used 47148K [0x00000000c0000000, 0x00000000ca800000, 0x00000000eab00000)
  object space 172032K, 27% used [0x00000000c0000000,0x00000000c2e0b3e0,0x00000000ca800000)
 Metaspace       used 72074K, capacity 77084K, committed 77824K, reserved 1116160K
  class space    used 9334K, capacity 10006K, committed 10496K, reserved 1048576K
GC Heap History (10 events):
Event: 4809.968 GC heap before
{Heap before GC invocations=65 (full 16):
 PSYoungGen      total 256512K, used 240251K [0x00000000eab00000, 0x00000000fc280000, 0x0000000100000000)
  eden space 236032K, 99% used [0x00000000eab00000,0x00000000f8faaa08,0x00000000f9180000)
  from space 20480K, 29% used [0x00000000fae80000,0x00000000fb474280,0x00000000fc280000)
  to   space 25088K, 0% used [0x00000000f9180000,0x00000000f9180000,0x00000000faa00000)
 ParOldGen       total 172032K, used 59252K [0x00000000c0000000, 0x00000000ca800000, 0x00000000eab00000)
  object space 172032K, 34% used [0x00000000c0000000,0x00000000c39dd038,0x00000000ca800000)
 Metaspace       used 71907K, capacity 76816K, committed 77568K, reserved 1116160K
  class space    used 9322K, capacity 9996K, committed 10496K, reserved 1048576K
Event: 4809.974 GC heap after
Heap after GC invocations=65 (full 16):
 PSYoungGen      total 243200K, used 6746K [0x00000000eab00000, 0x00000000fbf80000, 0x0000000100000000)
  eden space 236032K, 0% used [0x00000000eab00000,0x00000000eab00000,0x00000000f9180000)
  from space 7168K, 94% used [0x00000000f9180000,0x00000000f9816810,0x00000000f9880000)
  to   space 23552K, 0% used [0x00000000fa880000,0x00000000fa880000,0x00000000fbf80000)
 ParOldGen       total 172032K, used 59260K [0x00000000c0000000, 0x00000000ca800000, 0x00000000eab00000)
  object space 172032K, 34% used [0x00000000c0000000,0x00000000c39df038,0x00000000ca800000)
 Metaspace       used 71907K, capacity 76816K, committed 77568K, reserved 1116160K
  class space    used 9322K, capacity 9996K, committed 10496K, reserved 1048576K
}
Event: 4809.974 GC heap before
{Heap before GC invocations=66 (full 17):
 PSYoungGen      total 243200K, used 6746K [0x00000000eab00000, 0x00000000fbf80000, 0x0000000100000000)
  eden space 236032K, 0% used [0x00000000eab00000,0x00000000eab00000,0x00000000f9180000)
  from space 7168K, 94% used [0x00000000f9180000,0x00000000f9816810,0x00000000f9880000)
  to   space 23552K, 0% used [0x00000000fa880000,0x00000000fa880000,0x00000000fbf80000)
 ParOldGen       total 172032K, used 59260K [0x00000000c0000000, 0x00000000ca800000, 0x00000000eab00000)
  object space 172032K, 34% used [0x00000000c0000000,0x00000000c39df038,0x00000000ca800000)
 Metaspace       used 71907K, capacity 76816K, committed 77568K, reserved 1116160K
  class space    used 9322K, capacity 9996K, committed 10496K, reserved 1048576K
Event: 4810.168 GC heap after
Heap after GC invocations=66 (full 17):
 PSYoungGen      total 243200K, used 0K [0x00000000eab00000, 0x00000000fbf80000, 0x0000000100000000)
  eden space 236032K, 0% used [0x00000000eab00000,0x00000000eab00000,0x00000000f9180000)
  from space 7168K, 0% used [0x00000000f9180000,0x00000000f9180000,0x00000000f9880000)
  to   space 23552K, 0% used [0x00000000fa880000,0x00000000fa880000,0x00000000fbf80000)
 ParOldGen       total 172032K, used 47575K [0x00000000c0000000, 0x00000000ca800000, 0x00000000eab00000)
  object space 172032K, 27% used [0x00000000c0000000,0x00000000c2e75ec8,0x00000000ca800000)
 Metaspace       used 71890K, capacity 76780K, committed 77568K, reserved 1116160K
  class space    used 9318K, capacity 9990K, committed 10496K, reserved 1048576K
}
Event: 5706.709 GC heap before
{Heap before GC invocations=67 (full 17):
 PSYoungGen      total 243200K, used 233018K [0x00000000eab00000, 0x00000000fbf80000, 0x0000000100000000)
  eden space 236032K, 98% used [0x00000000eab00000,0x00000000f8e8ea50,0x00000000f9180000)
  from space 7168K, 0% used [0x00000000f9180000,0x00000000f9180000,0x00000000f9880000)
  to   space 23552K, 0% used [0x00000000fa880000,0x00000000fa880000,0x00000000fbf80000)
 ParOldGen       total 172032K, used 47575K [0x00000000c0000000, 0x00000000ca800000, 0x00000000eab00000)
  object space 172032K, 27% used [0x00000000c0000000,0x00000000c2e75ec8,0x00000000ca800000)
 Metaspace       used 72001K, capacity 76996K, committed 77568K, reserved 1116160K
  class space    used 9326K, capacity 9998K, committed 10496K, reserved 1048576K
Event: 5706.717 GC heap after
Heap after GC invocations=67 (full 17):
 PSYoungGen      total 260608K, used 9528K [0x00000000eab00000, 0x00000000fe000000, 0x0000000100000000)
  eden space 237056K, 0% used [0x00000000eab00000,0x00000000eab00000,0x00000000f9280000)
  from space 23552K, 40% used [0x00000000fa880000,0x00000000fb1ce118,0x00000000fbf80000)
  to   space 22528K, 0% used [0x00000000f9280000,0x00000000f9280000,0x00000000fa880000)
 ParOldGen       total 172032K, used 47583K [0x00000000c0000000, 0x00000000ca800000, 0x00000000eab00000)
  object space 172032K, 27% used [0x00000000c0000000,0x00000000c2e77ec8,0x00000000ca800000)
 Metaspace       used 72001K, capacity 76996K, committed 77568K, reserved 1116160K
  class space    used 9326K, capacity 9998K, committed 10496K, reserved 1048576K
}
Event: 5707.348 GC heap before
{Heap before GC invocations=68 (full 17):
 PSYoungGen      total 260608K, used 141371K [0x00000000eab00000, 0x00000000fe000000, 0x0000000100000000)
  eden space 237056K, 55% used [0x00000000eab00000,0x00000000f2bc0b60,0x00000000f9280000)
  from space 23552K, 40% used [0x00000000fa880000,0x00000000fb1ce118,0x00000000fbf80000)
  to   space 22528K, 0% used [0x00000000f9280000,0x00000000f9280000,0x00000000fa880000)
 ParOldGen       total 172032K, used 47583K [0x00000000c0000000, 0x00000000ca800000, 0x00000000eab00000)
  object space 172032K, 27% used [0x00000000c0000000,0x00000000c2e77ec8,0x00000000ca800000)
 Metaspace       used 72012K, capacity 76996K, committed 77568K, reserved 1116160K
  class space    used 9326K, capacity 9998K, committed 10496K, reserved 1048576K
Event: 5707.351 GC heap after
Heap after GC invocations=68 (full 17):
 PSYoungGen      total 259584K, used 4264K [0x00000000eab00000, 0x00000000fdf00000, 0x0000000100000000)
  eden space 237056K, 0% used [0x00000000eab00000,0x00000000eab00000,0x00000000f9280000)
  from space 22528K, 18% used [0x00000000f9280000,0x00000000f96aa2d8,0x00000000fa880000)
  to   space 22016K, 0% used [0x00000000fc980000,0x00000000fc980000,0x00000000fdf00000)
 ParOldGen       total 172032K, used 47591K [0x00000000c0000000, 0x00000000ca800000, 0x00000000eab00000)
  object space 172032K, 27% used [0x00000000c0000000,0x00000000c2e79ec8,0x00000000ca800000)
 Metaspace       used 72012K, capacity 76996K, committed 77568K, reserved 1116160K
  class space    used 9326K, capacity 9998K, committed 10496K, reserved 1048576K
}
Event: 5707.351 GC heap before
{Heap before GC invocations=69 (full 18):
 PSYoungGen      total 259584K, used 4264K [0x00000000eab00000, 0x00000000fdf00000, 0x0000000100000000)
  eden space 237056K, 0% used [0x00000000eab00000,0x00000000eab00000,0x00000000f9280000)
  from space 22528K, 18% used [0x00000000f9280000,0x00000000f96aa2d8,0x00000000fa880000)
  to   space 22016K, 0% used [0x00000000fc980000,0x00000000fc980000,0x00000000fdf00000)
 ParOldGen       total 172032K, used 47591K [0x00000000c0000000, 0x00000000ca800000, 0x00000000eab00000)
  object space 172032K, 27% used [0x00000000c0000000,0x00000000c2e79ec8,0x00000000ca800000)
 Metaspace       used 72012K, capacity 76996K, committed 77568K, reserved 1116160K
  class space    used 9326K, capacity 9998K, committed 10496K, reserved 1048576K
Event: 5707.523 GC heap after
Heap after GC invocations=69 (full 18):
 PSYoungGen      total 259584K, used 0K [0x00000000eab00000, 0x00000000fdf00000, 0x0000000100000000)
  eden space 237056K, 0% used [0x00000000eab00000,0x00000000eab00000,0x00000000f9280000)
  from space 22528K, 0% used [0x00000000f9280000,0x00000000f9280000,0x00000000fa880000)
  to   space 22016K, 0% used [0x00000000fc980000,0x00000000fc980000,0x00000000fdf00000)
 ParOldGen       total 172032K, used 47148K [0x00000000c0000000, 0x00000000ca800000, 0x00000000eab00000)
  object space 172032K, 27% used [0x00000000c0000000,0x00000000c2e0b3e0,0x00000000ca800000)
 Metaspace       used 72012K, capacity 76996K, committed 77568K, reserved 1116160K
  class space    used 9326K, capacity 9998K, committed 10496K, reserved 1048576K
}

